TN:
SF:/home/kmurph/Dropbox/snack/src/static/app.js
FN:33,mapStateToProps
FNF:1
FNH:0
FNDA:0,mapStateToProps
DA:1,1
DA:2,1
DA:3,1
DA:4,1
DA:5,1
DA:7,1
DA:8,1
DA:10,1
DA:22,0
DA:33,0
DA:34,0
LF:11
LH:8
BRF:0
BRH:0
end_of_record
TN:
SF:/home/kmurph/Dropbox/snack/src/static/actions/auth.js
FN:16,authLoginUserSuccess
FN:28,authLoginUserFailure
FN:40,authSignUpUserFailure
FN:51,authLoginUserRequest
FN:58,authSignUpUserRequest
FN:64,authLogout
FN:72,authLogoutAndRedirect
FN:73,(anonymous_8)
FN:80,authLoginUser
FN:81,(anonymous_10)
FN:94,(anonymous_11)
FN:98,(anonymous_12)
FN:101,(anonymous_13)
FN:117,authSignUpUser
FN:121,(anonymous_15)
FN:136,(anonymous_16)
FN:140,(anonymous_17)
FN:143,(anonymous_18)
FNF:18
FNH:0
FNDA:0,authLoginUserSuccess
FNDA:0,authLoginUserFailure
FNDA:0,authSignUpUserFailure
FNDA:0,authLoginUserRequest
FNDA:0,authSignUpUserRequest
FNDA:0,authLogout
FNDA:0,authLogoutAndRedirect
FNDA:0,(anonymous_8)
FNDA:0,authLoginUser
FNDA:0,(anonymous_10)
FNDA:0,(anonymous_11)
FNDA:0,(anonymous_12)
FNDA:0,(anonymous_13)
FNDA:0,authSignUpUser
FNDA:0,(anonymous_15)
FNDA:0,(anonymous_16)
FNDA:0,(anonymous_17)
FNDA:0,(anonymous_18)
DA:1,1
DA:2,1
DA:3,1
DA:4,1
DA:5,1
DA:17,0
DA:18,0
DA:19,0
DA:29,0
DA:30,0
DA:41,0
DA:42,0
DA:52,0
DA:59,0
DA:65,0
DA:66,0
DA:67,0
DA:73,0
DA:74,0
DA:75,0
DA:76,0
DA:80,0
DA:81,0
DA:82,0
DA:83,0
DA:84,0
DA:95,0
DA:96,0
DA:99,0
DA:101,0
DA:102,0
DA:104,0
DA:106,0
DA:109,0
DA:112,0
DA:117,0
DA:118,0
DA:119,0
DA:121,0
DA:122,0
DA:123,0
DA:137,0
DA:141,0
DA:143,0
DA:145,0
DA:147,0
DA:149,0
DA:152,0
DA:155,0
LF:49
LH:5
BRDA:80,0,0,0
BRDA:80,0,1,0
BRDA:80,1,0,0
BRDA:80,1,1,0
BRDA:99,2,0,0
BRDA:99,2,1,0
BRDA:99,3,0,0
BRDA:99,3,1,0
BRDA:99,3,2,0
BRDA:104,4,0,0
BRDA:104,4,1,0
BRDA:104,5,0,0
BRDA:104,5,1,0
BRDA:104,5,2,0
BRDA:117,6,0,0
BRDA:117,6,1,0
BRDA:117,7,0,0
BRDA:117,7,1,0
BRDA:118,8,0,0
BRDA:118,8,1,0
BRDA:141,9,0,0
BRDA:141,9,1,0
BRDA:141,10,0,0
BRDA:141,10,1,0
BRDA:141,10,2,0
BRDA:147,11,0,0
BRDA:147,11,1,0
BRDA:147,12,0,0
BRDA:147,12,1,0
BRDA:147,12,2,0
BRF:30
BRH:0
end_of_record
TN:
SF:/home/kmurph/Dropbox/snack/src/static/actions/data.js
FN:10,dataReceiveProtectedData
FN:19,dataFetchProtectedDataRequest
FN:25,dataFetchProtectedData
FN:26,(anonymous_4)
FN:37,(anonymous_5)
FN:40,(anonymous_6)
FN:43,(anonymous_7)
FNF:7
FNH:0
FNDA:0,dataReceiveProtectedData
FNDA:0,dataFetchProtectedDataRequest
FNDA:0,dataFetchProtectedData
FNDA:0,(anonymous_4)
FNDA:0,(anonymous_5)
FNDA:0,(anonymous_6)
FNDA:0,(anonymous_7)
DA:1,1
DA:2,1
DA:4,1
DA:5,1
DA:6,1
DA:7,1
DA:11,0
DA:20,0
DA:26,0
DA:27,0
DA:28,0
DA:38,0
DA:41,0
DA:43,0
DA:44,0
DA:45,0
DA:47,0
DA:49,0
DA:52,0
DA:55,0
DA:56,0
LF:21
LH:6
BRDA:41,0,0,0
BRDA:41,0,1,0
BRDA:41,1,0,0
BRDA:41,1,1,0
BRDA:41,1,2,0
BRDA:47,2,0,0
BRDA:47,2,1,0
BRDA:47,3,0,0
BRDA:47,3,1,0
BRDA:47,3,2,0
BRF:10
BRH:0
end_of_record
TN:
SF:/home/kmurph/Dropbox/snack/src/static/constants/index.js
FNF:0
FNH:0
DA:1,1
DA:2,1
DA:3,1
DA:4,1
DA:6,1
DA:7,1
DA:9,1
DA:10,1
DA:12,1
DA:13,1
LF:10
LH:10
BRF:0
BRH:0
end_of_record
TN:
SF:/home/kmurph/Dropbox/snack/src/static/containers/Home/index.js
FN:44,mapStateToProps
FNF:1
FNH:0
FNDA:0,mapStateToProps
DA:1,1
DA:2,1
DA:3,1
DA:5,1
DA:6,1
DA:7,1
DA:20,0
DA:44,1
DA:45,0
LF:9
LH:7
BRDA:34,0,0,0
BRDA:34,0,1,0
BRF:2
BRH:0
end_of_record
TN:
SF:/home/kmurph/Dropbox/snack/src/static/containers/Login/index.js
FN:46,LoginView
FN:65,(anonymous_7)
FN:69,(anonymous_8)
FN:103,ref
FN:122,mapStateToProps
FN:130,mapDispatchToProps
FNF:6
FNH:0
FNDA:0,LoginView
FNDA:0,(anonymous_7)
FNDA:0,(anonymous_8)
FNDA:0,ref
FNDA:0,mapStateToProps
FNDA:0,mapDispatchToProps
DA:1,1
DA:2,1
DA:3,1
DA:4,1
DA:5,1
DA:6,1
DA:8,1
DA:10,1
DA:12,1
DA:17,1
DA:46,0
DA:49,0
DA:50,0
DA:60,0
DA:61,0
DA:66,0
DA:70,0
DA:71,0
DA:72,0
DA:73,0
DA:77,0
DA:78,0
DA:79,0
DA:80,0
DA:86,0
DA:97,0
DA:103,0
DA:122,1
DA:123,0
DA:130,1
DA:131,0
LF:31
LH:12
BRDA:72,0,0,0
BRDA:72,0,1,0
BRDA:49,1,0,0
BRDA:49,1,1,0
BRDA:49,2,0,0
BRDA:49,2,1,0
BRDA:60,3,0,0
BRDA:60,3,1,0
BRDA:79,4,0,0
BRDA:79,4,1,0
BRF:10
BRH:0
end_of_record
TN:
SF:/home/kmurph/Dropbox/snack/src/static/containers/NotFound/index.js
FNF:0
FNH:0
DA:1,1
DA:2,1
DA:3,1
DA:5,1
DA:11,0
LF:5
LH:4
BRF:0
BRH:0
end_of_record
TN:
SF:/home/kmurph/Dropbox/snack/src/static/containers/Protected/index.js
FN:73,mapStateToProps
FN:80,mapDispatchToProps
FNF:2
FNH:0
FNDA:0,mapStateToProps
FNDA:0,mapDispatchToProps
DA:1,1
DA:2,1
DA:3,1
DA:4,1
DA:25,0
DA:26,0
DA:30,0
DA:73,1
DA:74,0
DA:80,1
DA:81,0
LF:11
LH:6
BRDA:35,0,0,0
BRDA:35,0,1,0
BRF:2
BRH:0
end_of_record
TN:
SF:/home/kmurph/Dropbox/snack/src/static/containers/SignUp/index.js
FN:54,SignUpView
FN:76,(anonymous_7)
FN:80,(anonymous_8)
FN:115,ref
FN:134,mapStateToProps
FN:142,mapDispatchToProps
FNF:6
FNH:0
FNDA:0,SignUpView
FNDA:0,(anonymous_7)
FNDA:0,(anonymous_8)
FNDA:0,ref
FNDA:0,mapStateToProps
FNDA:0,mapDispatchToProps
DA:1,1
DA:2,1
DA:3,1
DA:4,1
DA:5,1
DA:6,1
DA:7,1
DA:10,1
DA:12,1
DA:14,1
DA:21,1
DA:54,0
DA:57,0
DA:58,0
DA:71,0
DA:72,0
DA:77,0
DA:81,0
DA:82,0
DA:84,0
DA:85,0
DA:89,0
DA:90,0
DA:91,0
DA:92,0
DA:98,0
DA:109,0
DA:115,0
DA:134,1
DA:135,0
DA:142,1
DA:143,0
LF:32
LH:13
BRDA:84,0,0,0
BRDA:84,0,1,0
BRDA:57,1,0,0
BRDA:57,1,1,0
BRDA:57,2,0,0
BRDA:57,2,1,0
BRDA:71,3,0,0
BRDA:71,3,1,0
BRDA:91,4,0,0
BRDA:91,4,1,0
BRF:10
BRH:0
end_of_record
TN:
SF:/home/kmurph/Dropbox/snack/src/static/utils/config.js
FNF:0
FNH:0
DA:1,1
LF:1
LH:1
BRF:0
BRH:0
end_of_record
TN:
SF:/home/kmurph/Dropbox/snack/src/static/utils/index.js
FN:1,createReducer
FN:2,(anonymous_1)
FN:8,checkHttpStatus
FN:18,parseJSON
FNF:4
FNH:0
FNDA:0,createReducer
FNDA:0,(anonymous_1)
FNDA:0,checkHttpStatus
FNDA:0,parseJSON
DA:2,0
DA:3,0
DA:4,0
DA:9,0
DA:10,0
DA:13,0
DA:14,0
DA:15,0
DA:19,0
LF:9
LH:0
BRDA:2,0,0,0
BRDA:2,0,1,0
BRDA:2,1,0,0
BRDA:2,1,1,0
BRDA:4,2,0,0
BRDA:4,2,1,0
BRDA:9,3,0,0
BRDA:9,3,1,0
BRDA:9,4,0,0
BRDA:9,4,1,0
BRF:10
BRH:0
end_of_record
